This is pdfTeX, Version 3.14159265-2.6-1.40.18 (TeX Live 2017/Debian) (preloaded format=pdflatex 2019.10.30)  18 NOV 2019 12:08
entering extended mode
 restricted \write18 enabled.
 %&-line parsing enabled.
**Informe.tex
(./Informe.tex
LaTeX2e <2017-04-15>
Babel <3.18> and hyphenation patterns for 84 language(s) loaded.
(/usr/share/texlive/texmf-dist/tex/latex/base/article.cls
Document Class: article 2014/09/29 v1.4h Standard LaTeX document class
(/usr/share/texlive/texmf-dist/tex/latex/base/size10.clo
File: size10.clo 2014/09/29 v1.4h Standard LaTeX file (size option)
)
\c@part=\count79
\c@section=\count80
\c@subsection=\count81
\c@subsubsection=\count82
\c@paragraph=\count83
\c@subparagraph=\count84
\c@figure=\count85
\c@table=\count86
\abovecaptionskip=\skip41
\belowcaptionskip=\skip42
\bibindent=\dimen102
)
(/usr/share/texlive/texmf-dist/tex/latex/graphics/graphicx.sty
Package: graphicx 2017/06/01 v1.1a Enhanced LaTeX Graphics (DPC,SPQR)

(/usr/share/texlive/texmf-dist/tex/latex/graphics/keyval.sty
Package: keyval 2014/10/28 v1.15 key=value parser (DPC)
\KV@toks@=\toks14
)
(/usr/share/texlive/texmf-dist/tex/latex/graphics/graphics.sty
Package: graphics 2017/06/25 v1.2c Standard LaTeX Graphics (DPC,SPQR)

(/usr/share/texlive/texmf-dist/tex/latex/graphics/trig.sty
Package: trig 2016/01/03 v1.10 sin cos tan (DPC)
)
(/usr/share/texlive/texmf-dist/tex/latex/graphics-cfg/graphics.cfg
File: graphics.cfg 2016/06/04 v1.11 sample graphics configuration
)
Package graphics Info: Driver file: pdftex.def on input line 99.

(/usr/share/texlive/texmf-dist/tex/latex/graphics-def/pdftex.def
File: pdftex.def 2018/01/08 v1.0l Graphics/color driver for pdftex
))
\Gin@req@height=\dimen103
\Gin@req@width=\dimen104
)
(/usr/share/texlive/texmf-dist/tex/latex/subfig/subfig.sty
Package: subfig 2005/06/28 ver: 1.3 subfig package

(/usr/share/texlive/texmf-dist/tex/latex/caption/caption.sty
Package: caption 2016/02/21 v3.3-144 Customizing captions (AR)

(/usr/share/texlive/texmf-dist/tex/latex/caption/caption3.sty
Package: caption3 2016/05/22 v1.7-166 caption3 kernel (AR)
Package caption3 Info: TeX engine: e-TeX on input line 67.
\captionmargin=\dimen105
\captionmargin@=\dimen106
\captionwidth=\dimen107
\caption@tempdima=\dimen108
\caption@indent=\dimen109
\caption@parindent=\dimen110
\caption@hangindent=\dimen111
)
\c@ContinuedFloat=\count87
)
\c@KVtest=\count88
\sf@farskip=\skip43
\sf@captopadj=\dimen112
\sf@capskip=\skip44
\sf@nearskip=\skip45
\c@subfigure=\count89
\c@subfigure@save=\count90
\c@lofdepth=\count91
\c@subtable=\count92
\c@subtable@save=\count93
\c@lotdepth=\count94
\sf@top=\skip46
\sf@bottom=\skip47
)
(/usr/share/texlive/texmf-dist/tex/latex/geometry/geometry.sty
Package: geometry 2010/09/12 v5.6 Page Geometry

(/usr/share/texlive/texmf-dist/tex/generic/oberdiek/ifpdf.sty
Package: ifpdf 2017/03/15 v3.2 Provides the ifpdf switch
)
(/usr/share/texlive/texmf-dist/tex/generic/oberdiek/ifvtex.sty
Package: ifvtex 2016/05/16 v1.6 Detect VTeX and its facilities (HO)
Package ifvtex Info: VTeX not detected.
)
(/usr/share/texlive/texmf-dist/tex/generic/ifxetex/ifxetex.sty
Package: ifxetex 2010/09/12 v0.6 Provides ifxetex conditional
)
\Gm@cnth=\count95
\Gm@cntv=\count96
\c@Gm@tempcnt=\count97
\Gm@bindingoffset=\dimen113
\Gm@wd@mp=\dimen114
\Gm@odd@mp=\dimen115
\Gm@even@mp=\dimen116
\Gm@layoutwidth=\dimen117
\Gm@layoutheight=\dimen118
\Gm@layouthoffset=\dimen119
\Gm@layoutvoffset=\dimen120
\Gm@dimlist=\toks15
)
(/usr/share/texlive/texmf-dist/tex/latex/algorithms/algorithm.sty
Package: algorithm 2009/08/24 v0.1 Document Style `algorithm' - floating enviro
nment

(/usr/share/texlive/texmf-dist/tex/latex/float/float.sty
Package: float 2001/11/08 v1.3d Float enhancements (AL)
\c@float@type=\count98
\float@exts=\toks16
\float@box=\box26
\@float@everytoks=\toks17
\@floatcapt=\box27
)
(/usr/share/texlive/texmf-dist/tex/latex/base/ifthen.sty
Package: ifthen 2014/09/29 v1.1c Standard LaTeX ifthen package (DPC)
)
\@float@every@algorithm=\toks18
\c@algorithm=\count99
)
(/usr/share/texlive/texmf-dist/tex/latex/algorithmicx/algpseudocode.sty
Package: algpseudocode 

(/usr/share/texlive/texmf-dist/tex/latex/algorithmicx/algorithmicx.sty
Package: algorithmicx 2005/04/27 v1.2 Algorithmicx

Document Style algorithmicx 1.2 - a greatly improved `algorithmic' style
\c@ALG@line=\count100
\c@ALG@rem=\count101
\c@ALG@nested=\count102
\ALG@tlm=\skip48
\ALG@thistlm=\skip49
\c@ALG@Lnr=\count103
\c@ALG@blocknr=\count104
\c@ALG@storecount=\count105
\c@ALG@tmpcounter=\count106
\ALG@tmplength=\skip50
)
Document Style - pseudocode environments for use with the `algorithmicx' style
) (/usr/share/texlive/texmf-dist/tex/latex/amsmath/amsmath.sty
Package: amsmath 2017/09/02 v2.17a AMS math features
\@mathmargin=\skip51

For additional information on amsmath, use the `?' option.
(/usr/share/texlive/texmf-dist/tex/latex/amsmath/amstext.sty
Package: amstext 2000/06/29 v2.01 AMS text

(/usr/share/texlive/texmf-dist/tex/latex/amsmath/amsgen.sty
File: amsgen.sty 1999/11/30 v2.0 generic functions
\@emptytoks=\toks19
\ex@=\dimen121
))
(/usr/share/texlive/texmf-dist/tex/latex/amsmath/amsbsy.sty
Package: amsbsy 1999/11/29 v1.2d Bold Symbols
\pmbraise@=\dimen122
)
(/usr/share/texlive/texmf-dist/tex/latex/amsmath/amsopn.sty
Package: amsopn 2016/03/08 v2.02 operator names
)
\inf@bad=\count107
LaTeX Info: Redefining \frac on input line 213.
\uproot@=\count108
\leftroot@=\count109
LaTeX Info: Redefining \overline on input line 375.
\classnum@=\count110
\DOTSCASE@=\count111
LaTeX Info: Redefining \ldots on input line 472.
LaTeX Info: Redefining \dots on input line 475.
LaTeX Info: Redefining \cdots on input line 596.
\Mathstrutbox@=\box28
\strutbox@=\box29
\big@size=\dimen123
LaTeX Font Info:    Redeclaring font encoding OML on input line 712.
LaTeX Font Info:    Redeclaring font encoding OMS on input line 713.
\macc@depth=\count112
\c@MaxMatrixCols=\count113
\dotsspace@=\muskip10
\c@parentequation=\count114
\dspbrk@lvl=\count115
\tag@help=\toks20
\row@=\count116
\column@=\count117
\maxfields@=\count118
\andhelp@=\toks21
\eqnshift@=\dimen124
\alignsep@=\dimen125
\tagshift@=\dimen126
\tagwidth@=\dimen127
\totwidth@=\dimen128
\lineht@=\dimen129
\@envbody=\toks22
\multlinegap=\skip52
\multlinetaggap=\skip53
\mathdisplay@stack=\toks23
LaTeX Info: Redefining \[ on input line 2817.
LaTeX Info: Redefining \] on input line 2818.
) (./Informe.aux)
\openout1 = `Informe.aux'.

LaTeX Font Info:    Checking defaults for OML/cmm/m/it on input line 11.
LaTeX Font Info:    ... okay on input line 11.
LaTeX Font Info:    Checking defaults for T1/cmr/m/n on input line 11.
LaTeX Font Info:    ... okay on input line 11.
LaTeX Font Info:    Checking defaults for OT1/cmr/m/n on input line 11.
LaTeX Font Info:    ... okay on input line 11.
LaTeX Font Info:    Checking defaults for OMS/cmsy/m/n on input line 11.
LaTeX Font Info:    ... okay on input line 11.
LaTeX Font Info:    Checking defaults for OMX/cmex/m/n on input line 11.
LaTeX Font Info:    ... okay on input line 11.
LaTeX Font Info:    Checking defaults for U/cmr/m/n on input line 11.
LaTeX Font Info:    ... okay on input line 11.

(/usr/share/texlive/texmf-dist/tex/context/base/mkii/supp-pdf.mkii
[Loading MPS to PDF converter (version 2006.09.02).]
\scratchcounter=\count119
\scratchdimen=\dimen130
\scratchbox=\box30
\nofMPsegments=\count120
\nofMParguments=\count121
\everyMPshowfont=\toks24
\MPscratchCnt=\count122
\MPscratchDim=\dimen131
\MPnumerator=\count123
\makeMPintoPDFobject=\count124
\everyMPtoPDFconversion=\toks25
) (/usr/share/texlive/texmf-dist/tex/latex/oberdiek/epstopdf-base.sty
Package: epstopdf-base 2016/05/15 v2.6 Base part for package epstopdf

(/usr/share/texlive/texmf-dist/tex/generic/oberdiek/infwarerr.sty
Package: infwarerr 2016/05/16 v1.4 Providing info/warning/error messages (HO)
)
(/usr/share/texlive/texmf-dist/tex/latex/oberdiek/grfext.sty
Package: grfext 2016/05/16 v1.2 Manage graphics extensions (HO)

(/usr/share/texlive/texmf-dist/tex/generic/oberdiek/kvdefinekeys.sty
Package: kvdefinekeys 2016/05/16 v1.4 Define keys (HO)

(/usr/share/texlive/texmf-dist/tex/generic/oberdiek/ltxcmds.sty
Package: ltxcmds 2016/05/16 v1.23 LaTeX kernel commands for general use (HO)
)))
(/usr/share/texlive/texmf-dist/tex/latex/oberdiek/kvoptions.sty
Package: kvoptions 2016/05/16 v3.12 Key value format for package options (HO)

(/usr/share/texlive/texmf-dist/tex/generic/oberdiek/kvsetkeys.sty
Package: kvsetkeys 2016/05/16 v1.17 Key value parser (HO)

(/usr/share/texlive/texmf-dist/tex/generic/oberdiek/etexcmds.sty
Package: etexcmds 2016/05/16 v1.6 Avoid name clashes with e-TeX commands (HO)

(/usr/share/texlive/texmf-dist/tex/generic/oberdiek/ifluatex.sty
Package: ifluatex 2016/05/16 v1.4 Provides the ifluatex switch (HO)
Package ifluatex Info: LuaTeX not detected.
)
Package etexcmds Info: Could not find \expanded.
(etexcmds)             That can mean that you are not using pdfTeX 1.50 or
(etexcmds)             that some package has redefined \expanded.
(etexcmds)             In the latter case, load this package earlier.
)))
(/usr/share/texlive/texmf-dist/tex/generic/oberdiek/pdftexcmds.sty
Package: pdftexcmds 2018/01/21 v0.26 Utility functions of pdfTeX for LuaTeX (HO
)
Package pdftexcmds Info: LuaTeX not detected.
Package pdftexcmds Info: \pdf@primitive is available.
Package pdftexcmds Info: \pdf@ifprimitive is available.
Package pdftexcmds Info: \pdfdraftmode found.
)
Package epstopdf-base Info: Redefining graphics rule for `.eps' on input line 4
38.
Package grfext Info: Graphics extension search list:
(grfext)             [.pdf,.png,.jpg,.mps,.jpeg,.jbig2,.jb2,.PDF,.PNG,.JPG,.JPE
G,.JBIG2,.JB2,.eps]
(grfext)             \AppendGraphicsExtensions on input line 456.

(/usr/share/texlive/texmf-dist/tex/latex/latexconfig/epstopdf-sys.cfg
File: epstopdf-sys.cfg 2010/07/13 v1.3 Configuration of (r)epstopdf for TeX Liv
e
))
Package caption Info: Begin \AtBeginDocument code.
Package caption Info: subfig package v1.3 is loaded.
Package caption Info: float package is loaded.
Package caption Info: End \AtBeginDocument code.

*geometry* driver: auto-detecting
*geometry* detected driver: pdftex
*geometry* verbose mode - [ preamble ] result:
* driver: pdftex
* paper: <default>
* layout: <same size as paper>
* layoutoffset:(h,v)=(0.0pt,0.0pt)
* modes: 
* h-part:(L,W,R)=(72.26999pt, 469.75502pt, 72.26999pt)
* v-part:(T,H,B)=(72.26999pt, 650.43001pt, 72.26999pt)
* \paperwidth=614.295pt
* \paperheight=794.96999pt
* \textwidth=469.75502pt
* \textheight=650.43001pt
* \oddsidemargin=0.0pt
* \evensidemargin=0.0pt
* \topmargin=-37.0pt
* \headheight=12.0pt
* \headsep=25.0pt
* \topskip=10.0pt
* \footskip=30.0pt
* \marginparwidth=65.0pt
* \marginparsep=11.0pt
* \columnsep=10.0pt
* \skip\footins=9.0pt plus 4.0pt minus 2.0pt
* \hoffset=0.0pt
* \voffset=0.0pt
* \mag=1000
* \@twocolumnfalse
* \@twosidefalse
* \@mparswitchfalse
* \@reversemarginfalse
* (1in=72.27pt=25.4mm, 1cm=28.453pt)

<UIMP.jpg, id=1, 632.3625pt x 321.2pt>
File: UIMP.jpg Graphic file (type jpg)
<use UIMP.jpg>
Package pdftex.def Info: UIMP.jpg  used on input line 26.
(pdftex.def)             Requested size: 375.80544pt x 190.88847pt.
<AEPIA.png, id=2, 602.25pt x 111.41624pt>
File: AEPIA.png Graphic file (type png)
<use AEPIA.png>
Package pdftex.def Info: AEPIA.png  used on input line 27.
(pdftex.def)             Requested size: 375.80544pt x 69.52617pt.
[1

{/var/lib/texmf/fonts/map/pdftex/updmap/pdftex.map} <./UIMP.jpg> <./AEPIA.png>]
 (./Informe.toc)
\tf@toc=\write3
\openout3 = `Informe.toc'.

 [1] (./Informe.lof)
\tf@lof=\write4
\openout4 = `Informe.lof'.

 [2] (./Informe.loa)
\tf@loa=\write5
\openout5 = `Informe.loa'.

 [3] (./Informe.lot)
\tf@lot=\write6
\openout6 = `Informe.lot'.


[4]
LaTeX Font Info:    Try loading font information for OMS+cmr on input line 58.
 (/usr/share/texlive/texmf-dist/tex/latex/base/omscmr.fd
File: omscmr.fd 2014/09/29 v2.5h Standard LaTeX font definitions
)
LaTeX Font Info:    Font shape `OMS/cmr/m/n' in size <10> not available
(Font)              Font shape `OMS/cmsy/m/n' tried instead on input line 58.
 [5] [6]
Package epstopdf Info: Source file: <Resultados/bestFitness_output/img/elem-2.e
ps>
(epstopdf)                    date: 2019-11-13 12:09:01
(epstopdf)                    size: 102849 bytes
(epstopdf)             Output file: <Resultados/bestFitness_output/img/elem-2-e
ps-converted-to.pdf>
(epstopdf)                    date: 2019-11-13 12:21:56
(epstopdf)                    size: 19727 bytes
(epstopdf)             Command: <repstopdf --outfile=Resultados/bestFitness_out
put/img/elem-2-eps-converted-to.pdf Resultados/bestFitness_output/img/elem-2.ep
s>
(epstopdf)             \includegraphics on input line 144.
Package epstopdf Info: Output file is already uptodate.


pdfTeX warning: pdflatex (file ./Resultados/bestFitness_output/img/elem-2-eps-c
onverted-to.pdf): PDF inclusion: found PDF version <1.7>, but at most version <
1.5> allowed
<Resultados/bestFitness_output/img/elem-2-eps-converted-to.pdf, id=39, 845.1575
pt x 597.23125pt>
File: Resultados/bestFitness_output/img/elem-2-eps-converted-to.pdf Graphic fil
e (type pdf)
<use Resultados/bestFitness_output/img/elem-2-eps-converted-to.pdf>
Package pdftex.def Info: Resultados/bestFitness_output/img/elem-2-eps-converted
-to.pdf  used on input line 144.
(pdftex.def)             Requested size: 422.57771pt x 298.61488pt.
<Resultados/bestFitness_output/img/test.png, id=40, 898.35625pt x 284.06125pt>
File: Resultados/bestFitness_output/img/test.png Graphic file (type png)
<use Resultados/bestFitness_output/img/test.png>
Package pdftex.def Info: Resultados/bestFitness_output/img/test.png  used on in
put line 148.
(pdftex.def)             Requested size: 449.17702pt x 142.03026pt.
Package epstopdf Info: Source file: <Resultados/numEvaluations_output/img/elem-
2.eps>
(epstopdf)                    date: 2019-11-13 12:09:42
(epstopdf)                    size: 111174 bytes
(epstopdf)             Output file: <Resultados/numEvaluations_output/img/elem-
2-eps-converted-to.pdf>
(epstopdf)                    date: 2019-11-13 12:50:34
(epstopdf)                    size: 21437 bytes
(epstopdf)             Command: <repstopdf --outfile=Resultados/numEvaluations_
output/img/elem-2-eps-converted-to.pdf Resultados/numEvaluations_output/img/ele
m-2.eps>
(epstopdf)             \includegraphics on input line 162.
Package epstopdf Info: Output file is already uptodate.


pdfTeX warning: pdflatex (file ./Resultados/numEvaluations_output/img/elem-2-ep
s-converted-to.pdf): PDF inclusion: found PDF version <1.7>, but at most versio
n <1.5> allowed
<Resultados/numEvaluations_output/img/elem-2-eps-converted-to.pdf, id=41, 845.1
575pt x 597.23125pt>
File: Resultados/numEvaluations_output/img/elem-2-eps-converted-to.pdf Graphic 
file (type pdf)
<use Resultados/numEvaluations_output/img/elem-2-eps-converted-to.pdf>
Package pdftex.def Info: Resultados/numEvaluations_output/img/elem-2-eps-conver
ted-to.pdf  used on input line 162.
(pdftex.def)             Requested size: 422.57771pt x 298.61488pt.
<Resultados/numEvaluations_output/img/test.png, id=42, 898.35625pt x 284.06125p
t>
File: Resultados/numEvaluations_output/img/test.png Graphic file (type png)
<use Resultados/numEvaluations_output/img/test.png>
Package pdftex.def Info: Resultados/numEvaluations_output/img/test.png  used on
 input line 166.
(pdftex.def)             Requested size: 449.17702pt x 142.03026pt.
Package epstopdf Info: Source file: <Resultados/time_output/img/elem-2.eps>
(epstopdf)                    date: 2019-11-13 12:10:16
(epstopdf)                    size: 104290 bytes
(epstopdf)             Output file: <Resultados/time_output/img/elem-2-eps-conv
erted-to.pdf>
(epstopdf)                    date: 2019-11-18 11:22:57
(epstopdf)                    size: 20393 bytes
(epstopdf)             Command: <repstopdf --outfile=Resultados/time_output/img
/elem-2-eps-converted-to.pdf Resultados/time_output/img/elem-2.eps>
(epstopdf)             \includegraphics on input line 180.
Package epstopdf Info: Output file is already uptodate.


pdfTeX warning: pdflatex (file ./Resultados/time_output/img/elem-2-eps-converte
d-to.pdf): PDF inclusion: found PDF version <1.7>, but at most version <1.5> al
lowed
<Resultados/time_output/img/elem-2-eps-converted-to.pdf, id=43, 845.1575pt x 59
7.23125pt>
File: Resultados/time_output/img/elem-2-eps-converted-to.pdf Graphic file (type
 pdf)
<use Resultados/time_output/img/elem-2-eps-converted-to.pdf>
Package pdftex.def Info: Resultados/time_output/img/elem-2-eps-converted-to.pdf
  used on input line 180.
(pdftex.def)             Requested size: 422.57771pt x 298.61488pt.
<Resultados/time_output/img/test.png, id=44, 898.35625pt x 284.06125pt>
File: Resultados/time_output/img/test.png Graphic file (type png)
<use Resultados/time_output/img/test.png>
Package pdftex.def Info: Resultados/time_output/img/test.png  used on input lin
e 184.
(pdftex.def)             Requested size: 449.17702pt x 142.03026pt.
[7] [8 <./Resultados/bestFitness_output/img/elem-2-eps-converted-to.pdf> <./Res
ultados/bestFitness_output/img/test.png>] [9 <./Resultados/numEvaluations_outpu
t/img/elem-2-eps-converted-to.pdf> <./Resultados/numEvaluations_output/img/test
.png>] [10 <./Resultados/time_output/img/elem-2-eps-converted-to.pdf> <./Result
ados/time_output/img/test.png>]

LaTeX Warning: Float too large for page by 16.36967pt on input line 368.


Underfull \hbox (badness 10000) in paragraph at lines 378--379
[]\OT1/cmr/m/n/10 J. E. Beasley, \OT1/cmr/m/it/10 Mul-ti-di-men-sional knap-sac
k prob-lem\OT1/cmr/m/n/10 . \OT1/cmtt/m/n/10 http://people.brunel.ac.uk/~
 []

Missing character: There is no Ã in font cmr10!
Missing character: There is no ± in font cmr10!

Underfull \hbox (badness 10000) in paragraph at lines 381--382
[]\OT1/cmr/m/n/10 L. Gon-za-lez, \OT1/cmr/m/it/10 Code and re-sults for the Met
a-heuris-tics as-sign-ment\OT1/cmr/m/n/10 .
 []

[11] [12] (./Informe.aux) ) 
Here is how much of TeX's memory you used:
 4449 strings out of 492982
 67455 string characters out of 6134895
 170526 words of memory out of 5000000
 7944 multiletter control sequences out of 15000+600000
 9516 words of font info for 35 fonts, out of 8000000 for 9000
 1141 hyphenation exceptions out of 8191
 44i,13n,49p,922b,373s stack positions out of 5000i,500n,10000p,200000b,80000s
</usr/share/texlive/texmf-dist/fonts/type1/public/am
sfonts/cm/cmbx10.pfb></usr/share/texlive/texmf-dist/fonts/type1/public/amsfonts
/cm/cmbx12.pfb></usr/share/texlive/texmf-dist/fonts/type1/public/amsfonts/cm/cm
csc10.pfb></usr/share/texlive/texmf-dist/fonts/type1/public/amsfonts/cm/cmmi10.
pfb></usr/share/texlive/texmf-dist/fonts/type1/public/amsfonts/cm/cmr10.pfb></u
sr/share/texlive/texmf-dist/fonts/type1/public/amsfonts/cm/cmr8.pfb></usr/share
/texlive/texmf-dist/fonts/type1/public/amsfonts/cm/cmr9.pfb></usr/share/texlive
/texmf-dist/fonts/type1/public/amsfonts/cm/cmsy10.pfb></usr/share/texlive/texmf
-dist/fonts/type1/public/amsfonts/cm/cmti10.pfb></usr/share/texlive/texmf-dist/
fonts/type1/public/amsfonts/cm/cmti12.pfb></usr/share/texlive/texmf-dist/fonts/
type1/public/amsfonts/cm/cmtt10.pfb>
Output written on Informe.pdf (13 pages, 337625 bytes).
PDF statistics:
 134 PDF objects out of 1000 (max. 8388607)
 86 compressed objects within 1 object stream
 0 named destinations out of 1000 (max. 500000)
 41 words of extra memory for PDF output out of 10000 (max. 10000000)

